CRITICAL - 2022-01-01 03:18:24 --> syntax error, unexpected token ","
#0 C:\xampp\htdocs\musicX\system\Autoloader\Autoloader.php(241): CodeIgniter\Autoloader\Autoloader->includeFile('C:\\xampp\\htdocs...')
#1 C:\xampp\htdocs\musicX\system\Autoloader\Autoloader.php(219): CodeIgniter\Autoloader\Autoloader->loadInNamespace('App\\Controllers...')
#2 [internal function]: CodeIgniter\Autoloader\Autoloader->loadClass('App\\Controllers...')
#3 C:\xampp\htdocs\musicX\system\CodeIgniter.php(789): class_exists('\\App\\Controller...', true)
#4 C:\xampp\htdocs\musicX\system\CodeIgniter.php(397): CodeIgniter\CodeIgniter->startController()
#5 C:\xampp\htdocs\musicX\system\CodeIgniter.php(318): CodeIgniter\CodeIgniter->handleRequest(NULL, Object(Config\Cache), false)
#6 C:\xampp\htdocs\musicX\public\index.php(37): CodeIgniter\CodeIgniter->run()
#7 C:\xampp\htdocs\musicX\system\Commands\Server\rewrite.php(43): require_once('C:\\xampp\\htdocs...')
#8 {main}
CRITICAL - 2022-01-01 03:21:53 --> Undefined property: App\Controllers\albumController::$db
#0 C:\xampp\htdocs\musicX\app\Controllers\albumController.php(91): CodeIgniter\Debug\Exceptions->errorHandler(2, 'Undefined prope...', 'C:\\xampp\\htdocs...', 91)
#1 C:\xampp\htdocs\musicX\system\CodeIgniter.php(824): App\Controllers\albumController->approval()
#2 C:\xampp\htdocs\musicX\system\CodeIgniter.php(410): CodeIgniter\CodeIgniter->runController(Object(App\Controllers\albumController))
#3 C:\xampp\htdocs\musicX\system\CodeIgniter.php(318): CodeIgniter\CodeIgniter->handleRequest(NULL, Object(Config\Cache), false)
#4 C:\xampp\htdocs\musicX\public\index.php(37): CodeIgniter\CodeIgniter->run()
#5 C:\xampp\htdocs\musicX\system\Commands\Server\rewrite.php(43): require_once('C:\\xampp\\htdocs...')
#6 {main}
CRITICAL - 2022-01-01 03:22:00 --> Undefined property: App\Controllers\albumController::$db
#0 C:\xampp\htdocs\musicX\app\Controllers\albumController.php(91): CodeIgniter\Debug\Exceptions->errorHandler(2, 'Undefined prope...', 'C:\\xampp\\htdocs...', 91)
#1 C:\xampp\htdocs\musicX\system\CodeIgniter.php(824): App\Controllers\albumController->approval()
#2 C:\xampp\htdocs\musicX\system\CodeIgniter.php(410): CodeIgniter\CodeIgniter->runController(Object(App\Controllers\albumController))
#3 C:\xampp\htdocs\musicX\system\CodeIgniter.php(318): CodeIgniter\CodeIgniter->handleRequest(NULL, Object(Config\Cache), false)
#4 C:\xampp\htdocs\musicX\public\index.php(37): CodeIgniter\CodeIgniter->run()
#5 C:\xampp\htdocs\musicX\system\Commands\Server\rewrite.php(43): require_once('C:\\xampp\\htdocs...')
#6 {main}
CRITICAL - 2022-01-01 03:22:06 --> Undefined property: App\Controllers\albumController::$db
#0 C:\xampp\htdocs\musicX\app\Controllers\albumController.php(91): CodeIgniter\Debug\Exceptions->errorHandler(2, 'Undefined prope...', 'C:\\xampp\\htdocs...', 91)
#1 C:\xampp\htdocs\musicX\system\CodeIgniter.php(824): App\Controllers\albumController->approval()
#2 C:\xampp\htdocs\musicX\system\CodeIgniter.php(410): CodeIgniter\CodeIgniter->runController(Object(App\Controllers\albumController))
#3 C:\xampp\htdocs\musicX\system\CodeIgniter.php(318): CodeIgniter\CodeIgniter->handleRequest(NULL, Object(Config\Cache), false)
#4 C:\xampp\htdocs\musicX\public\index.php(37): CodeIgniter\CodeIgniter->run()
#5 C:\xampp\htdocs\musicX\system\Commands\Server\rewrite.php(43): require_once('C:\\xampp\\htdocs...')
#6 {main}
CRITICAL - 2022-01-01 03:26:10 --> Undefined property: App\Controllers\albumController::$db
#0 C:\xampp\htdocs\musicX\app\Controllers\albumController.php(91): CodeIgniter\Debug\Exceptions->errorHandler(2, 'Undefined prope...', 'C:\\xampp\\htdocs...', 91)
#1 C:\xampp\htdocs\musicX\system\CodeIgniter.php(824): App\Controllers\albumController->approval()
#2 C:\xampp\htdocs\musicX\system\CodeIgniter.php(410): CodeIgniter\CodeIgniter->runController(Object(App\Controllers\albumController))
#3 C:\xampp\htdocs\musicX\system\CodeIgniter.php(318): CodeIgniter\CodeIgniter->handleRequest(NULL, Object(Config\Cache), false)
#4 C:\xampp\htdocs\musicX\public\index.php(37): CodeIgniter\CodeIgniter->run()
#5 C:\xampp\htdocs\musicX\system\Commands\Server\rewrite.php(43): require_once('C:\\xampp\\htdocs...')
#6 {main}
CRITICAL - 2022-01-01 03:26:39 --> There is no data to update.
#0 C:\xampp\htdocs\musicX\system\BaseModel.php(846): CodeIgniter\Database\Exceptions\DataException::forEmptyDataset('update')
#1 C:\xampp\htdocs\musicX\system\Model.php(646): CodeIgniter\BaseModel->update(NULL, Array)
#2 C:\xampp\htdocs\musicX\app\Controllers\albumController.php(91): CodeIgniter\Model->update(NULL, Array)
#3 C:\xampp\htdocs\musicX\system\CodeIgniter.php(824): App\Controllers\albumController->approval()
#4 C:\xampp\htdocs\musicX\system\CodeIgniter.php(410): CodeIgniter\CodeIgniter->runController(Object(App\Controllers\albumController))
#5 C:\xampp\htdocs\musicX\system\CodeIgniter.php(318): CodeIgniter\CodeIgniter->handleRequest(NULL, Object(Config\Cache), false)
#6 C:\xampp\htdocs\musicX\public\index.php(37): CodeIgniter\CodeIgniter->run()
#7 C:\xampp\htdocs\musicX\system\Commands\Server\rewrite.php(43): require_once('C:\\xampp\\htdocs...')
#8 {main}
CRITICAL - 2022-01-01 03:26:45 --> There is no data to update.
#0 C:\xampp\htdocs\musicX\system\BaseModel.php(846): CodeIgniter\Database\Exceptions\DataException::forEmptyDataset('update')
#1 C:\xampp\htdocs\musicX\system\Model.php(646): CodeIgniter\BaseModel->update(NULL, Array)
#2 C:\xampp\htdocs\musicX\app\Controllers\albumController.php(91): CodeIgniter\Model->update(NULL, Array)
#3 C:\xampp\htdocs\musicX\system\CodeIgniter.php(824): App\Controllers\albumController->approval()
#4 C:\xampp\htdocs\musicX\system\CodeIgniter.php(410): CodeIgniter\CodeIgniter->runController(Object(App\Controllers\albumController))
#5 C:\xampp\htdocs\musicX\system\CodeIgniter.php(318): CodeIgniter\CodeIgniter->handleRequest(NULL, Object(Config\Cache), false)
#6 C:\xampp\htdocs\musicX\public\index.php(37): CodeIgniter\CodeIgniter->run()
#7 C:\xampp\htdocs\musicX\system\Commands\Server\rewrite.php(43): require_once('C:\\xampp\\htdocs...')
#8 {main}
CRITICAL - 2022-01-01 03:32:00 --> There is no data to update.
#0 C:\xampp\htdocs\musicX\system\BaseModel.php(846): CodeIgniter\Database\Exceptions\DataException::forEmptyDataset('update')
#1 C:\xampp\htdocs\musicX\system\Model.php(646): CodeIgniter\BaseModel->update(Array, Array)
#2 C:\xampp\htdocs\musicX\app\Controllers\albumController.php(91): CodeIgniter\Model->update('1', Array)
#3 C:\xampp\htdocs\musicX\system\CodeIgniter.php(824): App\Controllers\albumController->approval('1')
#4 C:\xampp\htdocs\musicX\system\CodeIgniter.php(410): CodeIgniter\CodeIgniter->runController(Object(App\Controllers\albumController))
#5 C:\xampp\htdocs\musicX\system\CodeIgniter.php(318): CodeIgniter\CodeIgniter->handleRequest(NULL, Object(Config\Cache), false)
#6 C:\xampp\htdocs\musicX\public\index.php(37): CodeIgniter\CodeIgniter->run()
#7 C:\xampp\htdocs\musicX\system\Commands\Server\rewrite.php(43): require_once('C:\\xampp\\htdocs...')
#8 {main}
CRITICAL - 2022-01-01 03:32:21 --> There is no data to update.
#0 C:\xampp\htdocs\musicX\system\BaseModel.php(846): CodeIgniter\Database\Exceptions\DataException::forEmptyDataset('update')
#1 C:\xampp\htdocs\musicX\system\Model.php(646): CodeIgniter\BaseModel->update(Array, Array)
#2 C:\xampp\htdocs\musicX\app\Controllers\albumController.php(91): CodeIgniter\Model->update('3', Array)
#3 C:\xampp\htdocs\musicX\system\CodeIgniter.php(824): App\Controllers\albumController->approval('3')
#4 C:\xampp\htdocs\musicX\system\CodeIgniter.php(410): CodeIgniter\CodeIgniter->runController(Object(App\Controllers\albumController))
#5 C:\xampp\htdocs\musicX\system\CodeIgniter.php(318): CodeIgniter\CodeIgniter->handleRequest(NULL, Object(Config\Cache), false)
#6 C:\xampp\htdocs\musicX\public\index.php(37): CodeIgniter\CodeIgniter->run()
#7 C:\xampp\htdocs\musicX\system\Commands\Server\rewrite.php(43): require_once('C:\\xampp\\htdocs...')
#8 {main}
CRITICAL - 2022-01-01 03:33:54 --> There is no data to update.
#0 C:\xampp\htdocs\musicX\system\BaseModel.php(846): CodeIgniter\Database\Exceptions\DataException::forEmptyDataset('update')
#1 C:\xampp\htdocs\musicX\system\Model.php(646): CodeIgniter\BaseModel->update(Array, Array)
#2 C:\xampp\htdocs\musicX\app\Controllers\albumController.php(91): CodeIgniter\Model->update('3', Array)
#3 C:\xampp\htdocs\musicX\system\CodeIgniter.php(824): App\Controllers\albumController->approval('3')
#4 C:\xampp\htdocs\musicX\system\CodeIgniter.php(410): CodeIgniter\CodeIgniter->runController(Object(App\Controllers\albumController))
#5 C:\xampp\htdocs\musicX\system\CodeIgniter.php(318): CodeIgniter\CodeIgniter->handleRequest(NULL, Object(Config\Cache), false)
#6 C:\xampp\htdocs\musicX\public\index.php(37): CodeIgniter\CodeIgniter->run()
#7 C:\xampp\htdocs\musicX\system\Commands\Server\rewrite.php(43): require_once('C:\\xampp\\htdocs...')
#8 {main}
