CRITICAL - 2021-12-30 21:11:33 --> Method name must be a string
#0 C:\xampp\htdocs\musicX\system\CodeIgniter.php(824): App\Controllers\SigninController->loginAuth()
#1 C:\xampp\htdocs\musicX\system\CodeIgniter.php(410): CodeIgniter\CodeIgniter->runController(Object(App\Controllers\SigninController))
#2 C:\xampp\htdocs\musicX\system\CodeIgniter.php(318): CodeIgniter\CodeIgniter->handleRequest(NULL, Object(Config\Cache), false)
#3 C:\xampp\htdocs\musicX\public\index.php(37): CodeIgniter\CodeIgniter->run()
#4 C:\xampp\htdocs\musicX\system\Commands\Server\rewrite.php(43): require_once('C:\\xampp\\htdocs...')
#5 {main}
CRITICAL - 2021-12-30 21:15:33 --> Method name must be a string
#0 C:\xampp\htdocs\musicX\system\CodeIgniter.php(824): App\Controllers\SigninController->loginAuth()
#1 C:\xampp\htdocs\musicX\system\CodeIgniter.php(410): CodeIgniter\CodeIgniter->runController(Object(App\Controllers\SigninController))
#2 C:\xampp\htdocs\musicX\system\CodeIgniter.php(318): CodeIgniter\CodeIgniter->handleRequest(NULL, Object(Config\Cache), false)
#3 C:\xampp\htdocs\musicX\public\index.php(37): CodeIgniter\CodeIgniter->run()
#4 C:\xampp\htdocs\musicX\system\Commands\Server\rewrite.php(43): require_once('C:\\xampp\\htdocs...')
#5 {main}
CRITICAL - 2021-12-30 21:18:12 --> Method name must be a string
#0 C:\xampp\htdocs\musicX\system\CodeIgniter.php(824): App\Controllers\SigninController->loginAuth()
#1 C:\xampp\htdocs\musicX\system\CodeIgniter.php(410): CodeIgniter\CodeIgniter->runController(Object(App\Controllers\SigninController))
#2 C:\xampp\htdocs\musicX\system\CodeIgniter.php(318): CodeIgniter\CodeIgniter->handleRequest(NULL, Object(Config\Cache), false)
#3 C:\xampp\htdocs\musicX\public\index.php(37): CodeIgniter\CodeIgniter->run()
#4 C:\xampp\htdocs\musicX\system\Commands\Server\rewrite.php(43): require_once('C:\\xampp\\htdocs...')
#5 {main}
CRITICAL - 2021-12-30 21:22:36 --> Method name must be a string
#0 C:\xampp\htdocs\musicX\system\CodeIgniter.php(824): App\Controllers\SigninController->loginAuth()
#1 C:\xampp\htdocs\musicX\system\CodeIgniter.php(410): CodeIgniter\CodeIgniter->runController(Object(App\Controllers\SigninController))
#2 C:\xampp\htdocs\musicX\system\CodeIgniter.php(318): CodeIgniter\CodeIgniter->handleRequest(NULL, Object(Config\Cache), false)
#3 C:\xampp\htdocs\musicX\public\index.php(37): CodeIgniter\CodeIgniter->run()
#4 C:\xampp\htdocs\musicX\system\Commands\Server\rewrite.php(43): require_once('C:\\xampp\\htdocs...')
#5 {main}
CRITICAL - 2021-12-30 21:38:24 --> Method name must be a string
#0 C:\xampp\htdocs\musicX\system\CodeIgniter.php(824): App\Controllers\SigninController->loginAuth()
#1 C:\xampp\htdocs\musicX\system\CodeIgniter.php(410): CodeIgniter\CodeIgniter->runController(Object(App\Controllers\SigninController))
#2 C:\xampp\htdocs\musicX\system\CodeIgniter.php(318): CodeIgniter\CodeIgniter->handleRequest(NULL, Object(Config\Cache), false)
#3 C:\xampp\htdocs\musicX\public\index.php(37): CodeIgniter\CodeIgniter->run()
#4 C:\xampp\htdocs\musicX\system\Commands\Server\rewrite.php(43): require_once('C:\\xampp\\htdocs...')
#5 {main}
CRITICAL - 2021-12-30 21:38:33 --> Method name must be a string
#0 C:\xampp\htdocs\musicX\system\CodeIgniter.php(824): App\Controllers\SigninController->loginAuth()
#1 C:\xampp\htdocs\musicX\system\CodeIgniter.php(410): CodeIgniter\CodeIgniter->runController(Object(App\Controllers\SigninController))
#2 C:\xampp\htdocs\musicX\system\CodeIgniter.php(318): CodeIgniter\CodeIgniter->handleRequest(NULL, Object(Config\Cache), false)
#3 C:\xampp\htdocs\musicX\public\index.php(37): CodeIgniter\CodeIgniter->run()
#4 C:\xampp\htdocs\musicX\system\Commands\Server\rewrite.php(43): require_once('C:\\xampp\\htdocs...')
#5 {main}
CRITICAL - 2021-12-30 21:43:04 --> Method name must be a string
#0 C:\xampp\htdocs\musicX\system\CodeIgniter.php(824): App\Controllers\SigninController->loginAuth()
#1 C:\xampp\htdocs\musicX\system\CodeIgniter.php(410): CodeIgniter\CodeIgniter->runController(Object(App\Controllers\SigninController))
#2 C:\xampp\htdocs\musicX\system\CodeIgniter.php(318): CodeIgniter\CodeIgniter->handleRequest(NULL, Object(Config\Cache), false)
#3 C:\xampp\htdocs\musicX\public\index.php(37): CodeIgniter\CodeIgniter->run()
#4 C:\xampp\htdocs\musicX\system\Commands\Server\rewrite.php(43): require_once('C:\\xampp\\htdocs...')
#5 {main}
CRITICAL - 2021-12-30 21:55:56 --> Undefined property: App\Controllers\SignupController::$load
#0 C:\xampp\htdocs\musicX\app\Controllers\SignupController.php(35): CodeIgniter\Debug\Exceptions->errorHandler(2, 'Undefined prope...', 'C:\\xampp\\htdocs...', 35)
#1 C:\xampp\htdocs\musicX\system\CodeIgniter.php(824): App\Controllers\SignupController->store()
#2 C:\xampp\htdocs\musicX\system\CodeIgniter.php(410): CodeIgniter\CodeIgniter->runController(Object(App\Controllers\SignupController))
#3 C:\xampp\htdocs\musicX\system\CodeIgniter.php(318): CodeIgniter\CodeIgniter->handleRequest(NULL, Object(Config\Cache), false)
#4 C:\xampp\htdocs\musicX\public\index.php(37): CodeIgniter\CodeIgniter->run()
#5 C:\xampp\htdocs\musicX\system\Commands\Server\rewrite.php(43): require_once('C:\\xampp\\htdocs...')
#6 {main}
ERROR - 2021-12-30 22:00:19 --> Unknown column 'fullName' in 'field list'
ERROR - 2021-12-30 22:02:34 --> Unknown column 'fullName' in 'field list'
ERROR - 2021-12-30 22:10:58 --> Unknown column 'fullName' in 'field list'
ERROR - 2021-12-30 23:09:51 --> Unknown column 'user_name' in 'where clause'
CRITICAL - 2021-12-30 23:09:51 --> Call to a member function getRow() on bool
#0 C:\xampp\htdocs\musicX\system\Validation\Validation.php(277): CodeIgniter\Validation\Rules->is_unique('jndnj', 'user_name', Array, NULL)
#1 C:\xampp\htdocs\musicX\system\Validation\Validation.php(151): CodeIgniter\Validation\Validation->processRules('userName', 'userName', 'jndnj', Array, Array)
#2 C:\xampp\htdocs\musicX\system\Controller.php(160): CodeIgniter\Validation\Validation->run()
#3 C:\xampp\htdocs\musicX\app\Controllers\SignupController.php(27): CodeIgniter\Controller->validate(Array)
#4 C:\xampp\htdocs\musicX\system\CodeIgniter.php(824): App\Controllers\SignupController->store()
#5 C:\xampp\htdocs\musicX\system\CodeIgniter.php(410): CodeIgniter\CodeIgniter->runController(Object(App\Controllers\SignupController))
#6 C:\xampp\htdocs\musicX\system\CodeIgniter.php(318): CodeIgniter\CodeIgniter->handleRequest(NULL, Object(Config\Cache), false)
#7 C:\xampp\htdocs\musicX\public\index.php(37): CodeIgniter\CodeIgniter->run()
#8 C:\xampp\htdocs\musicX\system\Commands\Server\rewrite.php(43): require_once('C:\\xampp\\htdocs...')
#9 {main}
ERROR - 2021-12-30 23:10:15 --> Unknown column 'user_name' in 'where clause'
CRITICAL - 2021-12-30 23:10:15 --> Call to a member function getRow() on bool
#0 C:\xampp\htdocs\musicX\system\Validation\Validation.php(277): CodeIgniter\Validation\Rules->is_unique('jndnj', 'user_name', Array, NULL)
#1 C:\xampp\htdocs\musicX\system\Validation\Validation.php(151): CodeIgniter\Validation\Validation->processRules('userName', 'userName', 'jndnj', Array, Array)
#2 C:\xampp\htdocs\musicX\system\Controller.php(160): CodeIgniter\Validation\Validation->run()
#3 C:\xampp\htdocs\musicX\app\Controllers\SignupController.php(27): CodeIgniter\Controller->validate(Array)
#4 C:\xampp\htdocs\musicX\system\CodeIgniter.php(824): App\Controllers\SignupController->store()
#5 C:\xampp\htdocs\musicX\system\CodeIgniter.php(410): CodeIgniter\CodeIgniter->runController(Object(App\Controllers\SignupController))
#6 C:\xampp\htdocs\musicX\system\CodeIgniter.php(318): CodeIgniter\CodeIgniter->handleRequest(NULL, Object(Config\Cache), false)
#7 C:\xampp\htdocs\musicX\public\index.php(37): CodeIgniter\CodeIgniter->run()
#8 C:\xampp\htdocs\musicX\system\Commands\Server\rewrite.php(43): require_once('C:\\xampp\\htdocs...')
#9 {main}
ERROR - 2021-12-30 23:11:27 --> Unknown column 'user_name' in 'where clause'
CRITICAL - 2021-12-30 23:11:27 --> Call to a member function getRow() on bool
#0 C:\xampp\htdocs\musicX\system\Validation\Validation.php(277): CodeIgniter\Validation\Rules->is_unique('jndnj', 'user_name', Array, NULL)
#1 C:\xampp\htdocs\musicX\system\Validation\Validation.php(151): CodeIgniter\Validation\Validation->processRules('userName', 'userName', 'jndnj', Array, Array)
#2 C:\xampp\htdocs\musicX\system\Controller.php(160): CodeIgniter\Validation\Validation->run()
#3 C:\xampp\htdocs\musicX\app\Controllers\SignupController.php(27): CodeIgniter\Controller->validate(Array)
#4 C:\xampp\htdocs\musicX\system\CodeIgniter.php(824): App\Controllers\SignupController->store()
#5 C:\xampp\htdocs\musicX\system\CodeIgniter.php(410): CodeIgniter\CodeIgniter->runController(Object(App\Controllers\SignupController))
#6 C:\xampp\htdocs\musicX\system\CodeIgniter.php(318): CodeIgniter\CodeIgniter->handleRequest(NULL, Object(Config\Cache), false)
#7 C:\xampp\htdocs\musicX\public\index.php(37): CodeIgniter\CodeIgniter->run()
#8 C:\xampp\htdocs\musicX\system\Commands\Server\rewrite.php(43): require_once('C:\\xampp\\htdocs...')
#9 {main}
ERROR - 2021-12-30 23:13:09 --> Unknown column 'user_name' in 'where clause'
CRITICAL - 2021-12-30 23:13:09 --> Call to a member function getFirstRow() on bool
#0 C:\xampp\htdocs\musicX\system\BaseModel.php(622): CodeIgniter\Model->doFirst()
#1 C:\xampp\htdocs\musicX\app\Controllers\SignInController.php(25): CodeIgniter\BaseModel->first()
#2 C:\xampp\htdocs\musicX\system\CodeIgniter.php(824): App\Controllers\SigninController->loginAuth()
#3 C:\xampp\htdocs\musicX\system\CodeIgniter.php(410): CodeIgniter\CodeIgniter->runController(Object(App\Controllers\SigninController))
#4 C:\xampp\htdocs\musicX\system\CodeIgniter.php(318): CodeIgniter\CodeIgniter->handleRequest(NULL, Object(Config\Cache), false)
#5 C:\xampp\htdocs\musicX\public\index.php(37): CodeIgniter\CodeIgniter->run()
#6 C:\xampp\htdocs\musicX\system\Commands\Server\rewrite.php(43): require_once('C:\\xampp\\htdocs...')
#7 {main}
ERROR - 2021-12-30 23:13:23 --> Unknown column 'user_name' in 'where clause'
CRITICAL - 2021-12-30 23:13:23 --> Call to a member function getFirstRow() on bool
#0 C:\xampp\htdocs\musicX\system\BaseModel.php(622): CodeIgniter\Model->doFirst()
#1 C:\xampp\htdocs\musicX\app\Controllers\SignInController.php(25): CodeIgniter\BaseModel->first()
#2 C:\xampp\htdocs\musicX\system\CodeIgniter.php(824): App\Controllers\SigninController->loginAuth()
#3 C:\xampp\htdocs\musicX\system\CodeIgniter.php(410): CodeIgniter\CodeIgniter->runController(Object(App\Controllers\SigninController))
#4 C:\xampp\htdocs\musicX\system\CodeIgniter.php(318): CodeIgniter\CodeIgniter->handleRequest(NULL, Object(Config\Cache), false)
#5 C:\xampp\htdocs\musicX\public\index.php(37): CodeIgniter\CodeIgniter->run()
#6 C:\xampp\htdocs\musicX\system\Commands\Server\rewrite.php(43): require_once('C:\\xampp\\htdocs...')
#7 {main}
ERROR - 2021-12-30 23:14:21 --> Unknown column 'user_name' in 'where clause'
CRITICAL - 2021-12-30 23:14:21 --> Call to a member function getRow() on bool
#0 C:\xampp\htdocs\musicX\system\Validation\Validation.php(277): CodeIgniter\Validation\Rules->is_unique('jnen', 'user_name', Array, NULL)
#1 C:\xampp\htdocs\musicX\system\Validation\Validation.php(151): CodeIgniter\Validation\Validation->processRules('userName', 'userName', 'jnen', Array, Array)
#2 C:\xampp\htdocs\musicX\system\Controller.php(160): CodeIgniter\Validation\Validation->run()
#3 C:\xampp\htdocs\musicX\app\Controllers\SignupController.php(27): CodeIgniter\Controller->validate(Array)
#4 C:\xampp\htdocs\musicX\system\CodeIgniter.php(824): App\Controllers\SignupController->store()
#5 C:\xampp\htdocs\musicX\system\CodeIgniter.php(410): CodeIgniter\CodeIgniter->runController(Object(App\Controllers\SignupController))
#6 C:\xampp\htdocs\musicX\system\CodeIgniter.php(318): CodeIgniter\CodeIgniter->handleRequest(NULL, Object(Config\Cache), false)
#7 C:\xampp\htdocs\musicX\public\index.php(37): CodeIgniter\CodeIgniter->run()
#8 C:\xampp\htdocs\musicX\system\Commands\Server\rewrite.php(43): require_once('C:\\xampp\\htdocs...')
#9 {main}
CRITICAL - 2021-12-30 23:16:23 --> syntax error, unexpected token "`", expecting "," or ";"
#0 C:\xampp\htdocs\musicX\system\Autoloader\Autoloader.php(241): CodeIgniter\Autoloader\Autoloader->includeFile('C:\\xampp\\htdocs...')
#1 C:\xampp\htdocs\musicX\system\Autoloader\Autoloader.php(219): CodeIgniter\Autoloader\Autoloader->loadInNamespace('CodeIgniter\\Con...')
#2 C:\xampp\htdocs\musicX\app\Controllers\SignupController.php(7): CodeIgniter\Autoloader\Autoloader->loadClass('CodeIgniter\\Con...')
#3 C:\xampp\htdocs\musicX\system\Autoloader\Autoloader.php(264): include_once('C:\\xampp\\htdocs...')
#4 C:\xampp\htdocs\musicX\system\Autoloader\Autoloader.php(241): CodeIgniter\Autoloader\Autoloader->includeFile('C:\\xampp\\htdocs...')
#5 C:\xampp\htdocs\musicX\system\Autoloader\Autoloader.php(219): CodeIgniter\Autoloader\Autoloader->loadInNamespace('App\\Controllers...')
#6 [internal function]: CodeIgniter\Autoloader\Autoloader->loadClass('App\\Controllers...')
#7 C:\xampp\htdocs\musicX\system\CodeIgniter.php(789): class_exists('\\App\\Controller...', true)
#8 C:\xampp\htdocs\musicX\system\CodeIgniter.php(397): CodeIgniter\CodeIgniter->startController()
#9 C:\xampp\htdocs\musicX\system\CodeIgniter.php(318): CodeIgniter\CodeIgniter->handleRequest(NULL, Object(Config\Cache), false)
#10 C:\xampp\htdocs\musicX\public\index.php(37): CodeIgniter\CodeIgniter->run()
#11 C:\xampp\htdocs\musicX\system\Commands\Server\rewrite.php(43): require_once('C:\\xampp\\htdocs...')
#12 {main}
CRITICAL - 2021-12-30 23:16:25 --> syntax error, unexpected token "`", expecting "," or ";"
#0 C:\xampp\htdocs\musicX\system\Autoloader\Autoloader.php(241): CodeIgniter\Autoloader\Autoloader->includeFile('C:\\xampp\\htdocs...')
#1 C:\xampp\htdocs\musicX\system\Autoloader\Autoloader.php(219): CodeIgniter\Autoloader\Autoloader->loadInNamespace('CodeIgniter\\Con...')
#2 C:\xampp\htdocs\musicX\app\Controllers\SignInController.php(8): CodeIgniter\Autoloader\Autoloader->loadClass('CodeIgniter\\Con...')
#3 C:\xampp\htdocs\musicX\system\Autoloader\Autoloader.php(264): include_once('C:\\xampp\\htdocs...')
#4 C:\xampp\htdocs\musicX\system\Autoloader\Autoloader.php(241): CodeIgniter\Autoloader\Autoloader->includeFile('C:\\xampp\\htdocs...')
#5 C:\xampp\htdocs\musicX\system\Autoloader\Autoloader.php(219): CodeIgniter\Autoloader\Autoloader->loadInNamespace('App\\Controllers...')
#6 [internal function]: CodeIgniter\Autoloader\Autoloader->loadClass('App\\Controllers...')
#7 C:\xampp\htdocs\musicX\system\CodeIgniter.php(789): class_exists('\\App\\Controller...', true)
#8 C:\xampp\htdocs\musicX\system\CodeIgniter.php(397): CodeIgniter\CodeIgniter->startController()
#9 C:\xampp\htdocs\musicX\system\CodeIgniter.php(318): CodeIgniter\CodeIgniter->handleRequest(NULL, Object(Config\Cache), false)
#10 C:\xampp\htdocs\musicX\public\index.php(37): CodeIgniter\CodeIgniter->run()
#11 C:\xampp\htdocs\musicX\system\Commands\Server\rewrite.php(43): require_once('C:\\xampp\\htdocs...')
#12 {main}
CRITICAL - 2021-12-30 23:16:26 --> syntax error, unexpected token "`", expecting "," or ";"
#0 C:\xampp\htdocs\musicX\system\Autoloader\Autoloader.php(241): CodeIgniter\Autoloader\Autoloader->includeFile('C:\\xampp\\htdocs...')
#1 C:\xampp\htdocs\musicX\system\Autoloader\Autoloader.php(219): CodeIgniter\Autoloader\Autoloader->loadInNamespace('CodeIgniter\\Con...')
#2 C:\xampp\htdocs\musicX\app\Controllers\SignInController.php(8): CodeIgniter\Autoloader\Autoloader->loadClass('CodeIgniter\\Con...')
#3 C:\xampp\htdocs\musicX\system\Autoloader\Autoloader.php(264): include_once('C:\\xampp\\htdocs...')
#4 C:\xampp\htdocs\musicX\system\Autoloader\Autoloader.php(241): CodeIgniter\Autoloader\Autoloader->includeFile('C:\\xampp\\htdocs...')
#5 C:\xampp\htdocs\musicX\system\Autoloader\Autoloader.php(219): CodeIgniter\Autoloader\Autoloader->loadInNamespace('App\\Controllers...')
#6 [internal function]: CodeIgniter\Autoloader\Autoloader->loadClass('App\\Controllers...')
#7 C:\xampp\htdocs\musicX\system\CodeIgniter.php(789): class_exists('\\App\\Controller...', true)
#8 C:\xampp\htdocs\musicX\system\CodeIgniter.php(397): CodeIgniter\CodeIgniter->startController()
#9 C:\xampp\htdocs\musicX\system\CodeIgniter.php(318): CodeIgniter\CodeIgniter->handleRequest(NULL, Object(Config\Cache), false)
#10 C:\xampp\htdocs\musicX\public\index.php(37): CodeIgniter\CodeIgniter->run()
#11 C:\xampp\htdocs\musicX\system\Commands\Server\rewrite.php(43): require_once('C:\\xampp\\htdocs...')
#12 {main}
CRITICAL - 2021-12-30 23:16:29 --> syntax error, unexpected token "`", expecting "," or ";"
#0 C:\xampp\htdocs\musicX\system\Autoloader\Autoloader.php(241): CodeIgniter\Autoloader\Autoloader->includeFile('C:\\xampp\\htdocs...')
#1 C:\xampp\htdocs\musicX\system\Autoloader\Autoloader.php(219): CodeIgniter\Autoloader\Autoloader->loadInNamespace('CodeIgniter\\Con...')
#2 C:\xampp\htdocs\musicX\app\Controllers\BaseController.php(22): CodeIgniter\Autoloader\Autoloader->loadClass('CodeIgniter\\Con...')
#3 C:\xampp\htdocs\musicX\system\Autoloader\Autoloader.php(264): include_once('C:\\xampp\\htdocs...')
#4 C:\xampp\htdocs\musicX\system\Autoloader\Autoloader.php(241): CodeIgniter\Autoloader\Autoloader->includeFile('C:\\xampp\\htdocs...')
#5 C:\xampp\htdocs\musicX\system\Autoloader\Autoloader.php(219): CodeIgniter\Autoloader\Autoloader->loadInNamespace('App\\Controllers...')
#6 C:\xampp\htdocs\musicX\app\Controllers\Home.php(5): CodeIgniter\Autoloader\Autoloader->loadClass('App\\Controllers...')
#7 C:\xampp\htdocs\musicX\system\Autoloader\Autoloader.php(264): include_once('C:\\xampp\\htdocs...')
#8 C:\xampp\htdocs\musicX\system\Autoloader\Autoloader.php(241): CodeIgniter\Autoloader\Autoloader->includeFile('C:\\xampp\\htdocs...')
#9 C:\xampp\htdocs\musicX\system\Autoloader\Autoloader.php(219): CodeIgniter\Autoloader\Autoloader->loadInNamespace('App\\Controllers...')
#10 [internal function]: CodeIgniter\Autoloader\Autoloader->loadClass('App\\Controllers...')
#11 C:\xampp\htdocs\musicX\system\CodeIgniter.php(789): class_exists('\\App\\Controller...', true)
#12 C:\xampp\htdocs\musicX\system\CodeIgniter.php(397): CodeIgniter\CodeIgniter->startController()
#13 C:\xampp\htdocs\musicX\system\CodeIgniter.php(318): CodeIgniter\CodeIgniter->handleRequest(NULL, Object(Config\Cache), false)
#14 C:\xampp\htdocs\musicX\public\index.php(37): CodeIgniter\CodeIgniter->run()
#15 C:\xampp\htdocs\musicX\system\Commands\Server\rewrite.php(43): require_once('C:\\xampp\\htdocs...')
#16 {main}
CRITICAL - 2021-12-30 23:16:30 --> syntax error, unexpected token "`", expecting "," or ";"
#0 C:\xampp\htdocs\musicX\system\Autoloader\Autoloader.php(241): CodeIgniter\Autoloader\Autoloader->includeFile('C:\\xampp\\htdocs...')
#1 C:\xampp\htdocs\musicX\system\Autoloader\Autoloader.php(219): CodeIgniter\Autoloader\Autoloader->loadInNamespace('CodeIgniter\\Con...')
#2 C:\xampp\htdocs\musicX\app\Controllers\BaseController.php(22): CodeIgniter\Autoloader\Autoloader->loadClass('CodeIgniter\\Con...')
#3 C:\xampp\htdocs\musicX\system\Autoloader\Autoloader.php(264): include_once('C:\\xampp\\htdocs...')
#4 C:\xampp\htdocs\musicX\system\Autoloader\Autoloader.php(241): CodeIgniter\Autoloader\Autoloader->includeFile('C:\\xampp\\htdocs...')
#5 C:\xampp\htdocs\musicX\system\Autoloader\Autoloader.php(219): CodeIgniter\Autoloader\Autoloader->loadInNamespace('App\\Controllers...')
#6 C:\xampp\htdocs\musicX\app\Controllers\Home.php(5): CodeIgniter\Autoloader\Autoloader->loadClass('App\\Controllers...')
#7 C:\xampp\htdocs\musicX\system\Autoloader\Autoloader.php(264): include_once('C:\\xampp\\htdocs...')
#8 C:\xampp\htdocs\musicX\system\Autoloader\Autoloader.php(241): CodeIgniter\Autoloader\Autoloader->includeFile('C:\\xampp\\htdocs...')
#9 C:\xampp\htdocs\musicX\system\Autoloader\Autoloader.php(219): CodeIgniter\Autoloader\Autoloader->loadInNamespace('App\\Controllers...')
#10 [internal function]: CodeIgniter\Autoloader\Autoloader->loadClass('App\\Controllers...')
#11 C:\xampp\htdocs\musicX\system\CodeIgniter.php(789): class_exists('\\App\\Controller...', true)
#12 C:\xampp\htdocs\musicX\system\CodeIgniter.php(397): CodeIgniter\CodeIgniter->startController()
#13 C:\xampp\htdocs\musicX\system\CodeIgniter.php(318): CodeIgniter\CodeIgniter->handleRequest(NULL, Object(Config\Cache), false)
#14 C:\xampp\htdocs\musicX\public\index.php(37): CodeIgniter\CodeIgniter->run()
#15 C:\xampp\htdocs\musicX\system\Commands\Server\rewrite.php(43): require_once('C:\\xampp\\htdocs...')
#16 {main}
CRITICAL - 2021-12-30 23:16:34 --> syntax error, unexpected token "`", expecting "," or ";"
#0 C:\xampp\htdocs\musicX\system\Autoloader\Autoloader.php(241): CodeIgniter\Autoloader\Autoloader->includeFile('C:\\xampp\\htdocs...')
#1 C:\xampp\htdocs\musicX\system\Autoloader\Autoloader.php(219): CodeIgniter\Autoloader\Autoloader->loadInNamespace('CodeIgniter\\Con...')
#2 C:\xampp\htdocs\musicX\app\Controllers\SignupController.php(7): CodeIgniter\Autoloader\Autoloader->loadClass('CodeIgniter\\Con...')
#3 C:\xampp\htdocs\musicX\system\Autoloader\Autoloader.php(264): include_once('C:\\xampp\\htdocs...')
#4 C:\xampp\htdocs\musicX\system\Autoloader\Autoloader.php(241): CodeIgniter\Autoloader\Autoloader->includeFile('C:\\xampp\\htdocs...')
#5 C:\xampp\htdocs\musicX\system\Autoloader\Autoloader.php(219): CodeIgniter\Autoloader\Autoloader->loadInNamespace('App\\Controllers...')
#6 [internal function]: CodeIgniter\Autoloader\Autoloader->loadClass('App\\Controllers...')
#7 C:\xampp\htdocs\musicX\system\CodeIgniter.php(789): class_exists('\\App\\Controller...', true)
#8 C:\xampp\htdocs\musicX\system\CodeIgniter.php(397): CodeIgniter\CodeIgniter->startController()
#9 C:\xampp\htdocs\musicX\system\CodeIgniter.php(318): CodeIgniter\CodeIgniter->handleRequest(NULL, Object(Config\Cache), false)
#10 C:\xampp\htdocs\musicX\public\index.php(37): CodeIgniter\CodeIgniter->run()
#11 C:\xampp\htdocs\musicX\system\Commands\Server\rewrite.php(43): require_once('C:\\xampp\\htdocs...')
#12 {main}
CRITICAL - 2021-12-30 23:17:19 --> syntax error, unexpected token "`", expecting "," or ";"
#0 C:\xampp\htdocs\musicX\system\Autoloader\Autoloader.php(241): CodeIgniter\Autoloader\Autoloader->includeFile('C:\\xampp\\htdocs...')
#1 C:\xampp\htdocs\musicX\system\Autoloader\Autoloader.php(219): CodeIgniter\Autoloader\Autoloader->loadInNamespace('CodeIgniter\\Con...')
#2 C:\xampp\htdocs\musicX\app\Controllers\SignupController.php(7): CodeIgniter\Autoloader\Autoloader->loadClass('CodeIgniter\\Con...')
#3 C:\xampp\htdocs\musicX\system\Autoloader\Autoloader.php(264): include_once('C:\\xampp\\htdocs...')
#4 C:\xampp\htdocs\musicX\system\Autoloader\Autoloader.php(241): CodeIgniter\Autoloader\Autoloader->includeFile('C:\\xampp\\htdocs...')
#5 C:\xampp\htdocs\musicX\system\Autoloader\Autoloader.php(219): CodeIgniter\Autoloader\Autoloader->loadInNamespace('App\\Controllers...')
#6 [internal function]: CodeIgniter\Autoloader\Autoloader->loadClass('App\\Controllers...')
#7 C:\xampp\htdocs\musicX\system\CodeIgniter.php(789): class_exists('\\App\\Controller...', true)
#8 C:\xampp\htdocs\musicX\system\CodeIgniter.php(397): CodeIgniter\CodeIgniter->startController()
#9 C:\xampp\htdocs\musicX\system\CodeIgniter.php(318): CodeIgniter\CodeIgniter->handleRequest(NULL, Object(Config\Cache), false)
#10 C:\xampp\htdocs\musicX\public\index.php(37): CodeIgniter\CodeIgniter->run()
#11 C:\xampp\htdocs\musicX\system\Commands\Server\rewrite.php(43): require_once('C:\\xampp\\htdocs...')
#12 {main}
CRITICAL - 2021-12-30 23:17:20 --> syntax error, unexpected token "`", expecting "," or ";"
#0 C:\xampp\htdocs\musicX\system\Autoloader\Autoloader.php(241): CodeIgniter\Autoloader\Autoloader->includeFile('C:\\xampp\\htdocs...')
#1 C:\xampp\htdocs\musicX\system\Autoloader\Autoloader.php(219): CodeIgniter\Autoloader\Autoloader->loadInNamespace('CodeIgniter\\Con...')
#2 C:\xampp\htdocs\musicX\app\Controllers\SignupController.php(7): CodeIgniter\Autoloader\Autoloader->loadClass('CodeIgniter\\Con...')
#3 C:\xampp\htdocs\musicX\system\Autoloader\Autoloader.php(264): include_once('C:\\xampp\\htdocs...')
#4 C:\xampp\htdocs\musicX\system\Autoloader\Autoloader.php(241): CodeIgniter\Autoloader\Autoloader->includeFile('C:\\xampp\\htdocs...')
#5 C:\xampp\htdocs\musicX\system\Autoloader\Autoloader.php(219): CodeIgniter\Autoloader\Autoloader->loadInNamespace('App\\Controllers...')
#6 [internal function]: CodeIgniter\Autoloader\Autoloader->loadClass('App\\Controllers...')
#7 C:\xampp\htdocs\musicX\system\CodeIgniter.php(789): class_exists('\\App\\Controller...', true)
#8 C:\xampp\htdocs\musicX\system\CodeIgniter.php(397): CodeIgniter\CodeIgniter->startController()
#9 C:\xampp\htdocs\musicX\system\CodeIgniter.php(318): CodeIgniter\CodeIgniter->handleRequest(NULL, Object(Config\Cache), false)
#10 C:\xampp\htdocs\musicX\public\index.php(37): CodeIgniter\CodeIgniter->run()
#11 C:\xampp\htdocs\musicX\system\Commands\Server\rewrite.php(43): require_once('C:\\xampp\\htdocs...')
#12 {main}
CRITICAL - 2021-12-30 23:17:53 --> syntax error, unexpected token "`", expecting "," or ";"
#0 C:\xampp\htdocs\musicX\system\Autoloader\Autoloader.php(241): CodeIgniter\Autoloader\Autoloader->includeFile('C:\\xampp\\htdocs...')
#1 C:\xampp\htdocs\musicX\system\Autoloader\Autoloader.php(219): CodeIgniter\Autoloader\Autoloader->loadInNamespace('CodeIgniter\\Con...')
#2 C:\xampp\htdocs\musicX\system\CLI\CommandRunner.php(21): CodeIgniter\Autoloader\Autoloader->loadClass('CodeIgniter\\Con...')
#3 C:\xampp\htdocs\musicX\system\Autoloader\Autoloader.php(264): include_once('C:\\xampp\\htdocs...')
#4 C:\xampp\htdocs\musicX\system\Autoloader\Autoloader.php(241): CodeIgniter\Autoloader\Autoloader->includeFile('C:\\xampp\\htdocs...')
#5 C:\xampp\htdocs\musicX\system\Autoloader\Autoloader.php(219): CodeIgniter\Autoloader\Autoloader->loadInNamespace('CodeIgniter\\CLI...')
#6 [internal function]: CodeIgniter\Autoloader\Autoloader->loadClass('CodeIgniter\\CLI...')
#7 C:\xampp\htdocs\musicX\system\CodeIgniter.php(789): class_exists('\\CodeIgniter\\CL...', true)
#8 C:\xampp\htdocs\musicX\system\CodeIgniter.php(397): CodeIgniter\CodeIgniter->startController()
#9 C:\xampp\htdocs\musicX\system\CodeIgniter.php(318): CodeIgniter\CodeIgniter->handleRequest(NULL, Object(Config\Cache), false)
#10 C:\xampp\htdocs\musicX\system\CLI\Console.php(48): CodeIgniter\CodeIgniter->run()
#11 C:\xampp\htdocs\musicX\spark(63): CodeIgniter\CLI\Console->run()
#12 {main}
CRITICAL - 2021-12-30 23:18:15 --> syntax error, unexpected token "`", expecting "function" or "const"
#0 C:\xampp\htdocs\musicX\system\Autoloader\Autoloader.php(241): CodeIgniter\Autoloader\Autoloader->includeFile('C:\\xampp\\htdocs...')
#1 C:\xampp\htdocs\musicX\system\Autoloader\Autoloader.php(219): CodeIgniter\Autoloader\Autoloader->loadInNamespace('CodeIgniter\\Con...')
#2 C:\xampp\htdocs\musicX\system\CLI\CommandRunner.php(21): CodeIgniter\Autoloader\Autoloader->loadClass('CodeIgniter\\Con...')
#3 C:\xampp\htdocs\musicX\system\Autoloader\Autoloader.php(264): include_once('C:\\xampp\\htdocs...')
#4 C:\xampp\htdocs\musicX\system\Autoloader\Autoloader.php(241): CodeIgniter\Autoloader\Autoloader->includeFile('C:\\xampp\\htdocs...')
#5 C:\xampp\htdocs\musicX\system\Autoloader\Autoloader.php(219): CodeIgniter\Autoloader\Autoloader->loadInNamespace('CodeIgniter\\CLI...')
#6 [internal function]: CodeIgniter\Autoloader\Autoloader->loadClass('CodeIgniter\\CLI...')
#7 C:\xampp\htdocs\musicX\system\CodeIgniter.php(789): class_exists('\\CodeIgniter\\CL...', true)
#8 C:\xampp\htdocs\musicX\system\CodeIgniter.php(397): CodeIgniter\CodeIgniter->startController()
#9 C:\xampp\htdocs\musicX\system\CodeIgniter.php(318): CodeIgniter\CodeIgniter->handleRequest(NULL, Object(Config\Cache), false)
#10 C:\xampp\htdocs\musicX\system\CLI\Console.php(48): CodeIgniter\CodeIgniter->run()
#11 C:\xampp\htdocs\musicX\spark(63): CodeIgniter\CLI\Console->run()
#12 {main}
